ERROR - 06/15/2017 10:23 am --> Severity: Notice --> Undefined variable: child_catname /home2/carolhhp/public_html/democarol.com/homeservices/application/views/front/home.php 89
ERROR - 06/15/2017 10:23 am --> Severity: Notice --> Trying to get property of non-object /home2/carolhhp/public_html/democarol.com/homeservices/application/views/front/home.php 89
ERROR - 06/15/2017 10:23 am --> Severity: Notice --> Undefined variable: child_catname /home2/carolhhp/public_html/democarol.com/homeservices/application/views/front/home.php 90
ERROR - 06/15/2017 10:23 am --> Severity: Notice --> Trying to get property of non-object /home2/carolhhp/public_html/democarol.com/homeservices/application/views/front/home.php 90
ERROR - 06/15/2017 10:23 am --> Severity: Notice --> Undefined variable: child_catname /home2/carolhhp/public_html/democarol.com/homeservices/application/views/front/home.php 91
ERROR - 06/15/2017 10:23 am --> Severity: Notice --> Trying to get property of non-object /home2/carolhhp/public_html/democarol.com/homeservices/application/views/front/home.php 91
ERROR - 06/15/2017 10:23 am --> Severity: Notice --> Undefined variable: child_catname /home2/carolhhp/public_html/democarol.com/homeservices/application/views/front/home.php 92
ERROR - 06/15/2017 10:23 am --> Severity: Notice --> Trying to get property of non-object /home2/carolhhp/public_html/democarol.com/homeservices/application/views/front/home.php 92
ERROR - 06/15/2017 10:23 am --> Severity: Notice --> Undefined variable: child_catname /home2/carolhhp/public_html/democarol.com/homeservices/application/views/front/home.php 93
ERROR - 06/15/2017 10:23 am --> Severity: Notice --> Trying to get property of non-object /home2/carolhhp/public_html/democarol.com/homeservices/application/views/front/home.php 93
ERROR - 06/15/2017 10:23 am --> Severity: Notice --> Use of undefined constant php - assumed 'php' /home2/carolhhp/public_html/democarol.com/homeservices/application/views/front/home.php 100
ERROR - 06/15/2017 10:23 am --> Severity: Notice --> Undefined variable: child_catname /home2/carolhhp/public_html/democarol.com/homeservices/application/views/front/home.php 89
ERROR - 06/15/2017 10:23 am --> Severity: Notice --> Trying to get property of non-object /home2/carolhhp/public_html/democarol.com/homeservices/application/views/front/home.php 89
ERROR - 06/15/2017 10:23 am --> Severity: Notice --> Undefined variable: child_catname /home2/carolhhp/public_html/democarol.com/homeservices/application/views/front/home.php 90
ERROR - 06/15/2017 10:23 am --> Severity: Notice --> Trying to get property of non-object /home2/carolhhp/public_html/democarol.com/homeservices/application/views/front/home.php 90
ERROR - 06/15/2017 10:23 am --> Severity: Notice --> Undefined variable: child_catname /home2/carolhhp/public_html/democarol.com/homeservices/application/views/front/home.php 91
ERROR - 06/15/2017 10:23 am --> Severity: Notice --> Trying to get property of non-object /home2/carolhhp/public_html/democarol.com/homeservices/application/views/front/home.php 91
ERROR - 06/15/2017 10:23 am --> Severity: Notice --> Undefined variable: child_catname /home2/carolhhp/public_html/democarol.com/homeservices/application/views/front/home.php 92
ERROR - 06/15/2017 10:23 am --> Severity: Notice --> Trying to get property of non-object /home2/carolhhp/public_html/democarol.com/homeservices/application/views/front/home.php 92
ERROR - 06/15/2017 10:23 am --> Severity: Notice --> Undefined variable: child_catname /home2/carolhhp/public_html/democarol.com/homeservices/application/views/front/home.php 93
ERROR - 06/15/2017 10:23 am --> Severity: Notice --> Trying to get property of non-object /home2/carolhhp/public_html/democarol.com/homeservices/application/views/front/home.php 93
ERROR - 06/15/2017 10:23 am --> Severity: Notice --> Use of undefined constant php - assumed 'php' /home2/carolhhp/public_html/democarol.com/homeservices/application/views/front/home.php 100
ERROR - 06/15/2017 10:34 am --> Severity: Notice --> Undefined variable: child_catname /home2/carolhhp/public_html/democarol.com/homeservices/application/views/front/home.php 89
ERROR - 06/15/2017 10:34 am --> Severity: Notice --> Trying to get property of non-object /home2/carolhhp/public_html/democarol.com/homeservices/application/views/front/home.php 89
ERROR - 06/15/2017 10:34 am --> Severity: Notice --> Undefined variable: child_catname /home2/carolhhp/public_html/democarol.com/homeservices/application/views/front/home.php 90
ERROR - 06/15/2017 10:34 am --> Severity: Notice --> Trying to get property of non-object /home2/carolhhp/public_html/democarol.com/homeservices/application/views/front/home.php 90
ERROR - 06/15/2017 10:34 am --> Severity: Notice --> Undefined variable: child_catname /home2/carolhhp/public_html/democarol.com/homeservices/application/views/front/home.php 91
ERROR - 06/15/2017 10:34 am --> Severity: Notice --> Trying to get property of non-object /home2/carolhhp/public_html/democarol.com/homeservices/application/views/front/home.php 91
ERROR - 06/15/2017 10:34 am --> Severity: Notice --> Undefined variable: child_catname /home2/carolhhp/public_html/democarol.com/homeservices/application/views/front/home.php 92
ERROR - 06/15/2017 10:34 am --> Severity: Notice --> Trying to get property of non-object /home2/carolhhp/public_html/democarol.com/homeservices/application/views/front/home.php 92
ERROR - 06/15/2017 10:34 am --> Severity: Notice --> Undefined variable: child_catname /home2/carolhhp/public_html/democarol.com/homeservices/application/views/front/home.php 93
ERROR - 06/15/2017 10:34 am --> Severity: Notice --> Trying to get property of non-object /home2/carolhhp/public_html/democarol.com/homeservices/application/views/front/home.php 93
ERROR - 06/15/2017 10:34 am --> Severity: Notice --> Use of undefined constant php - assumed 'php' /home2/carolhhp/public_html/democarol.com/homeservices/application/views/front/home.php 100
ERROR - 06/15/2017 12:27 am --> 404 Page Not Found: Assets/front
ERROR - 06/15/2017 12:31 am --> 404 Page Not Found: front/Service/badroom_plan
ERROR - 06/15/2017 11:02 am --> Severity: Notice --> Undefined variable: child_catname /home2/carolhhp/public_html/democarol.com/homeservices/application/views/front/home.php 89
ERROR - 06/15/2017 11:02 am --> Severity: Notice --> Trying to get property of non-object /home2/carolhhp/public_html/democarol.com/homeservices/application/views/front/home.php 89
ERROR - 06/15/2017 11:02 am --> Severity: Notice --> Undefined variable: child_catname /home2/carolhhp/public_html/democarol.com/homeservices/application/views/front/home.php 90
ERROR - 06/15/2017 11:02 am --> Severity: Notice --> Trying to get property of non-object /home2/carolhhp/public_html/democarol.com/homeservices/application/views/front/home.php 90
ERROR - 06/15/2017 11:02 am --> Severity: Notice --> Undefined variable: child_catname /home2/carolhhp/public_html/democarol.com/homeservices/application/views/front/home.php 91
ERROR - 06/15/2017 11:02 am --> Severity: Notice --> Trying to get property of non-object /home2/carolhhp/public_html/democarol.com/homeservices/application/views/front/home.php 91
ERROR - 06/15/2017 11:02 am --> Severity: Notice --> Undefined variable: child_catname /home2/carolhhp/public_html/democarol.com/homeservices/application/views/front/home.php 92
ERROR - 06/15/2017 11:02 am --> Severity: Notice --> Trying to get property of non-object /home2/carolhhp/public_html/democarol.com/homeservices/application/views/front/home.php 92
ERROR - 06/15/2017 11:02 am --> Severity: Notice --> Undefined variable: child_catname /home2/carolhhp/public_html/democarol.com/homeservices/application/views/front/home.php 93
ERROR - 06/15/2017 11:02 am --> Severity: Notice --> Trying to get property of non-object /home2/carolhhp/public_html/democarol.com/homeservices/application/views/front/home.php 93
ERROR - 06/15/2017 11:02 am --> Severity: Notice --> Use of undefined constant php - assumed 'php' /home2/carolhhp/public_html/democarol.com/homeservices/application/views/front/home.php 100
ERROR - 06/15/2017 11:02 am --> Severity: Notice --> Undefined variable: child_catname /home2/carolhhp/public_html/democarol.com/homeservices/application/views/front/home.php 89
ERROR - 06/15/2017 11:02 am --> Severity: Notice --> Trying to get property of non-object /home2/carolhhp/public_html/democarol.com/homeservices/application/views/front/home.php 89
ERROR - 06/15/2017 11:02 am --> Severity: Notice --> Undefined variable: child_catname /home2/carolhhp/public_html/democarol.com/homeservices/application/views/front/home.php 90
ERROR - 06/15/2017 11:02 am --> Severity: Notice --> Trying to get property of non-object /home2/carolhhp/public_html/democarol.com/homeservices/application/views/front/home.php 90
ERROR - 06/15/2017 11:02 am --> Severity: Notice --> Undefined variable: child_catname /home2/carolhhp/public_html/democarol.com/homeservices/application/views/front/home.php 91
ERROR - 06/15/2017 11:02 am --> Severity: Notice --> Trying to get property of non-object /home2/carolhhp/public_html/democarol.com/homeservices/application/views/front/home.php 91
ERROR - 06/15/2017 11:02 am --> Severity: Notice --> Undefined variable: child_catname /home2/carolhhp/public_html/democarol.com/homeservices/application/views/front/home.php 92
ERROR - 06/15/2017 11:02 am --> Severity: Notice --> Trying to get property of non-object /home2/carolhhp/public_html/democarol.com/homeservices/application/views/front/home.php 92
ERROR - 06/15/2017 11:02 am --> Severity: Notice --> Undefined variable: child_catname /home2/carolhhp/public_html/democarol.com/homeservices/application/views/front/home.php 93
ERROR - 06/15/2017 11:02 am --> Severity: Notice --> Trying to get property of non-object /home2/carolhhp/public_html/democarol.com/homeservices/application/views/front/home.php 93
ERROR - 06/15/2017 11:02 am --> Severity: Notice --> Use of undefined constant php - assumed 'php' /home2/carolhhp/public_html/democarol.com/homeservices/application/views/front/home.php 100
ERROR - 06/15/2017 11:07 am --> Severity: Notice --> Undefined variable: child_catname /home2/carolhhp/public_html/democarol.com/homeservices/application/views/front/home.php 89
ERROR - 06/15/2017 11:07 am --> Severity: Notice --> Trying to get property of non-object /home2/carolhhp/public_html/democarol.com/homeservices/application/views/front/home.php 89
ERROR - 06/15/2017 11:07 am --> Severity: Notice --> Undefined variable: child_catname /home2/carolhhp/public_html/democarol.com/homeservices/application/views/front/home.php 90
ERROR - 06/15/2017 11:07 am --> Severity: Notice --> Trying to get property of non-object /home2/carolhhp/public_html/democarol.com/homeservices/application/views/front/home.php 90
ERROR - 06/15/2017 11:07 am --> Severity: Notice --> Undefined variable: child_catname /home2/carolhhp/public_html/democarol.com/homeservices/application/views/front/home.php 91
ERROR - 06/15/2017 11:07 am --> Severity: Notice --> Trying to get property of non-object /home2/carolhhp/public_html/democarol.com/homeservices/application/views/front/home.php 91
ERROR - 06/15/2017 11:07 am --> Severity: Notice --> Undefined variable: child_catname /home2/carolhhp/public_html/democarol.com/homeservices/application/views/front/home.php 92
ERROR - 06/15/2017 11:07 am --> Severity: Notice --> Trying to get property of non-object /home2/carolhhp/public_html/democarol.com/homeservices/application/views/front/home.php 92
ERROR - 06/15/2017 11:07 am --> Severity: Notice --> Undefined variable: child_catname /home2/carolhhp/public_html/democarol.com/homeservices/application/views/front/home.php 93
ERROR - 06/15/2017 11:07 am --> Severity: Notice --> Trying to get property of non-object /home2/carolhhp/public_html/democarol.com/homeservices/application/views/front/home.php 93
ERROR - 06/15/2017 11:07 am --> Severity: Notice --> Use of undefined constant php - assumed 'php' /home2/carolhhp/public_html/democarol.com/homeservices/application/views/front/home.php 100
ERROR - 06/15/2017 12:38 am --> 404 Page Not Found: Assets/front
ERROR - 06/15/2017 12:38 am --> 404 Page Not Found: front/Service/badroom_plan
ERROR - 06/15/2017 12:38 am --> 404 Page Not Found: Assets/front
ERROR - 06/15/2017 12:38 am --> 404 Page Not Found: Assets/front
ERROR - 06/15/2017 12:38 am --> 404 Page Not Found: Assets/front
ERROR - 06/15/2017 12:38 am --> 404 Page Not Found: Assets/front
ERROR - 06/15/2017 12:38 am --> 404 Page Not Found: Assets/front
ERROR - 06/15/2017 12:41 am --> 404 Page Not Found: Thankyou/index
ERROR - 06/15/2017 12:42 am --> 404 Page Not Found: Assets/front
ERROR - 06/15/2017 12:42 am --> 404 Page Not Found: Assets/front
ERROR - 06/15/2017 12:42 am --> 404 Page Not Found: Assets/front
ERROR - 06/15/2017 12:42 am --> 404 Page Not Found: Assets/front
ERROR - 06/15/2017 12:42 am --> 404 Page Not Found: Assets/front
ERROR - 06/15/2017 12:44 am --> 404 Page Not Found: Assets/front
ERROR - 06/15/2017 12:44 am --> 404 Page Not Found: front/Service/badroom_plan
ERROR - 06/15/2017 12:44 am --> 404 Page Not Found: Assets/front
ERROR - 06/15/2017 12:44 am --> 404 Page Not Found: Assets/front
ERROR - 06/15/2017 12:44 am --> 404 Page Not Found: Assets/front
ERROR - 06/15/2017 12:44 am --> 404 Page Not Found: Assets/front
ERROR - 06/15/2017 12:44 am --> 404 Page Not Found: Assets/front
ERROR - 06/15/2017 12:44 am --> 404 Page Not Found: Assets/front
ERROR - 06/15/2017 12:44 am --> 404 Page Not Found: front/Service/badroom_plan
ERROR - 06/15/2017 12:44 am --> 404 Page Not Found: front/Service/badroom_plan
ERROR - 06/15/2017 12:45 am --> 404 Page Not Found: Assets/img
ERROR - 06/15/2017 12:45 am --> 404 Page Not Found: Assets/img
ERROR - 06/15/2017 12:45 am --> 404 Page Not Found: Assets/css
ERROR - 06/15/2017 12:45 am --> 404 Page Not Found: Assets/img
ERROR - 06/15/2017 12:45 am --> 404 Page Not Found: Assets/front
ERROR - 06/15/2017 12:47 am --> 404 Page Not Found: Assets/img
ERROR - 06/15/2017 12:48 am --> 404 Page Not Found: Assets/css
ERROR - 06/15/2017 12:48 am --> 404 Page Not Found: Assets/js
ERROR - 06/15/2017 12:48 am --> 404 Page Not Found: Assets/js
ERROR - 06/15/2017 12:48 am --> 404 Page Not Found: Images/photos
ERROR - 06/15/2017 12:48 am --> 404 Page Not Found: Assets/js
ERROR - 06/15/2017 12:48 am --> 404 Page Not Found: Images/photos
ERROR - 06/15/2017 12:49 am --> 404 Page Not Found: Js/advanced-datatable
ERROR - 06/15/2017 12:49 am --> 404 Page Not Found: Js/advanced-datatable
ERROR - 06/15/2017 12:49 am --> 404 Page Not Found: Js/advanced-datatable
ERROR - 06/15/2017 12:49 am --> 404 Page Not Found: Js/dynamic_table_init.js
ERROR - 06/15/2017 12:49 am --> 404 Page Not Found: Js/jquery.dataTables.min.js
ERROR - 06/15/2017 12:49 am --> 404 Page Not Found: Assets/js
ERROR - 06/15/2017 12:49 am --> 404 Page Not Found: Images/photos
ERROR - 06/15/2017 12:31 pm --> Severity: Notice --> Undefined variable: child_catname /home2/carolhhp/public_html/democarol.com/homeservices/application/views/front/home.php 89
ERROR - 06/15/2017 12:31 pm --> Severity: Notice --> Trying to get property of non-object /home2/carolhhp/public_html/democarol.com/homeservices/application/views/front/home.php 89
ERROR - 06/15/2017 12:31 pm --> Severity: Notice --> Undefined variable: child_catname /home2/carolhhp/public_html/democarol.com/homeservices/application/views/front/home.php 90
ERROR - 06/15/2017 12:31 pm --> Severity: Notice --> Trying to get property of non-object /home2/carolhhp/public_html/democarol.com/homeservices/application/views/front/home.php 90
ERROR - 06/15/2017 12:31 pm --> Severity: Notice --> Undefined variable: child_catname /home2/carolhhp/public_html/democarol.com/homeservices/application/views/front/home.php 91
ERROR - 06/15/2017 12:31 pm --> Severity: Notice --> Trying to get property of non-object /home2/carolhhp/public_html/democarol.com/homeservices/application/views/front/home.php 91
ERROR - 06/15/2017 12:31 pm --> Severity: Notice --> Undefined variable: child_catname /home2/carolhhp/public_html/democarol.com/homeservices/application/views/front/home.php 92
ERROR - 06/15/2017 12:31 pm --> Severity: Notice --> Trying to get property of non-object /home2/carolhhp/public_html/democarol.com/homeservices/application/views/front/home.php 92
ERROR - 06/15/2017 12:31 pm --> Severity: Notice --> Undefined variable: child_catname /home2/carolhhp/public_html/democarol.com/homeservices/application/views/front/home.php 93
ERROR - 06/15/2017 12:31 pm --> Severity: Notice --> Trying to get property of non-object /home2/carolhhp/public_html/democarol.com/homeservices/application/views/front/home.php 93
ERROR - 06/15/2017 12:31 pm --> Severity: Notice --> Use of undefined constant php - assumed 'php' /home2/carolhhp/public_html/democarol.com/homeservices/application/views/front/home.php 100
ERROR - 06/15/2017 12:35 pm --> Severity: Notice --> Undefined variable: child_catname /home2/carolhhp/public_html/democarol.com/homeservices/application/views/front/home.php 89
ERROR - 06/15/2017 12:35 pm --> Severity: Notice --> Trying to get property of non-object /home2/carolhhp/public_html/democarol.com/homeservices/application/views/front/home.php 89
ERROR - 06/15/2017 12:35 pm --> Severity: Notice --> Undefined variable: child_catname /home2/carolhhp/public_html/democarol.com/homeservices/application/views/front/home.php 90
ERROR - 06/15/2017 12:35 pm --> Severity: Notice --> Trying to get property of non-object /home2/carolhhp/public_html/democarol.com/homeservices/application/views/front/home.php 90
ERROR - 06/15/2017 12:35 pm --> Severity: Notice --> Undefined variable: child_catname /home2/carolhhp/public_html/democarol.com/homeservices/application/views/front/home.php 91
ERROR - 06/15/2017 12:35 pm --> Severity: Notice --> Trying to get property of non-object /home2/carolhhp/public_html/democarol.com/homeservices/application/views/front/home.php 91
ERROR - 06/15/2017 12:35 pm --> Severity: Notice --> Undefined variable: child_catname /home2/carolhhp/public_html/democarol.com/homeservices/application/views/front/home.php 92
ERROR - 06/15/2017 12:35 pm --> Severity: Notice --> Trying to get property of non-object /home2/carolhhp/public_html/democarol.com/homeservices/application/views/front/home.php 92
ERROR - 06/15/2017 12:35 pm --> Severity: Notice --> Undefined variable: child_catname /home2/carolhhp/public_html/democarol.com/homeservices/application/views/front/home.php 93
ERROR - 06/15/2017 12:35 pm --> Severity: Notice --> Trying to get property of non-object /home2/carolhhp/public_html/democarol.com/homeservices/application/views/front/home.php 93
ERROR - 06/15/2017 12:35 pm --> Severity: Notice --> Use of undefined constant php - assumed 'php' /home2/carolhhp/public_html/democarol.com/homeservices/application/views/front/home.php 100
ERROR - 06/15/2017 01:25 pm --> Severity: Notice --> Undefined variable: child_catname /home2/carolhhp/public_html/democarol.com/homeservices/application/views/front/home.php 89
ERROR - 06/15/2017 01:25 pm --> Severity: Notice --> Trying to get property of non-object /home2/carolhhp/public_html/democarol.com/homeservices/application/views/front/home.php 89
ERROR - 06/15/2017 01:25 pm --> Severity: Notice --> Undefined variable: child_catname /home2/carolhhp/public_html/democarol.com/homeservices/application/views/front/home.php 90
ERROR - 06/15/2017 01:25 pm --> Severity: Notice --> Trying to get property of non-object /home2/carolhhp/public_html/democarol.com/homeservices/application/views/front/home.php 90
ERROR - 06/15/2017 01:25 pm --> Severity: Notice --> Undefined variable: child_catname /home2/carolhhp/public_html/democarol.com/homeservices/application/views/front/home.php 91
ERROR - 06/15/2017 01:25 pm --> Severity: Notice --> Trying to get property of non-object /home2/carolhhp/public_html/democarol.com/homeservices/application/views/front/home.php 91
ERROR - 06/15/2017 01:25 pm --> Severity: Notice --> Undefined variable: child_catname /home2/carolhhp/public_html/democarol.com/homeservices/application/views/front/home.php 92
ERROR - 06/15/2017 01:25 pm --> Severity: Notice --> Trying to get property of non-object /home2/carolhhp/public_html/democarol.com/homeservices/application/views/front/home.php 92
ERROR - 06/15/2017 01:25 pm --> Severity: Notice --> Undefined variable: child_catname /home2/carolhhp/public_html/democarol.com/homeservices/application/views/front/home.php 93
ERROR - 06/15/2017 01:25 pm --> Severity: Notice --> Trying to get property of non-object /home2/carolhhp/public_html/democarol.com/homeservices/application/views/front/home.php 93
ERROR - 06/15/2017 01:25 pm --> Severity: Notice --> Use of undefined constant php - assumed 'php' /home2/carolhhp/public_html/democarol.com/homeservices/application/views/front/home.php 100
ERROR - 06/15/2017 01:29 pm --> Severity: Notice --> Undefined variable: child_catname /home2/carolhhp/public_html/democarol.com/homeservices/application/views/front/home.php 89
ERROR - 06/15/2017 01:29 pm --> Severity: Notice --> Trying to get property of non-object /home2/carolhhp/public_html/democarol.com/homeservices/application/views/front/home.php 89
ERROR - 06/15/2017 01:29 pm --> Severity: Notice --> Undefined variable: child_catname /home2/carolhhp/public_html/democarol.com/homeservices/application/views/front/home.php 90
ERROR - 06/15/2017 01:29 pm --> Severity: Notice --> Trying to get property of non-object /home2/carolhhp/public_html/democarol.com/homeservices/application/views/front/home.php 90
ERROR - 06/15/2017 01:29 pm --> Severity: Notice --> Undefined variable: child_catname /home2/carolhhp/public_html/democarol.com/homeservices/application/views/front/home.php 91
ERROR - 06/15/2017 01:29 pm --> Severity: Notice --> Trying to get property of non-object /home2/carolhhp/public_html/democarol.com/homeservices/application/views/front/home.php 91
ERROR - 06/15/2017 01:29 pm --> Severity: Notice --> Undefined variable: child_catname /home2/carolhhp/public_html/democarol.com/homeservices/application/views/front/home.php 92
ERROR - 06/15/2017 01:29 pm --> Severity: Notice --> Trying to get property of non-object /home2/carolhhp/public_html/democarol.com/homeservices/application/views/front/home.php 92
ERROR - 06/15/2017 01:29 pm --> Severity: Notice --> Undefined variable: child_catname /home2/carolhhp/public_html/democarol.com/homeservices/application/views/front/home.php 93
ERROR - 06/15/2017 01:29 pm --> Severity: Notice --> Trying to get property of non-object /home2/carolhhp/public_html/democarol.com/homeservices/application/views/front/home.php 93
ERROR - 06/15/2017 01:29 pm --> Severity: Notice --> Use of undefined constant php - assumed 'php' /home2/carolhhp/public_html/democarol.com/homeservices/application/views/front/home.php 100
ERROR - 06/15/2017 01:30 pm --> Severity: Notice --> Undefined variable: child_catname /home2/carolhhp/public_html/democarol.com/homeservices/application/views/front/home.php 89
ERROR - 06/15/2017 01:30 pm --> Severity: Notice --> Trying to get property of non-object /home2/carolhhp/public_html/democarol.com/homeservices/application/views/front/home.php 89
ERROR - 06/15/2017 01:30 pm --> Severity: Notice --> Undefined variable: child_catname /home2/carolhhp/public_html/democarol.com/homeservices/application/views/front/home.php 90
ERROR - 06/15/2017 01:30 pm --> Severity: Notice --> Trying to get property of non-object /home2/carolhhp/public_html/democarol.com/homeservices/application/views/front/home.php 90
ERROR - 06/15/2017 01:30 pm --> Severity: Notice --> Undefined variable: child_catname /home2/carolhhp/public_html/democarol.com/homeservices/application/views/front/home.php 91
ERROR - 06/15/2017 01:30 pm --> Severity: Notice --> Trying to get property of non-object /home2/carolhhp/public_html/democarol.com/homeservices/application/views/front/home.php 91
ERROR - 06/15/2017 01:30 pm --> Severity: Notice --> Undefined variable: child_catname /home2/carolhhp/public_html/democarol.com/homeservices/application/views/front/home.php 92
ERROR - 06/15/2017 01:30 pm --> Severity: Notice --> Trying to get property of non-object /home2/carolhhp/public_html/democarol.com/homeservices/application/views/front/home.php 92
ERROR - 06/15/2017 01:30 pm --> Severity: Notice --> Undefined variable: child_catname /home2/carolhhp/public_html/democarol.com/homeservices/application/views/front/home.php 93
ERROR - 06/15/2017 01:30 pm --> Severity: Notice --> Trying to get property of non-object /home2/carolhhp/public_html/democarol.com/homeservices/application/views/front/home.php 93
ERROR - 06/15/2017 01:30 pm --> Severity: Notice --> Use of undefined constant php - assumed 'php' /home2/carolhhp/public_html/democarol.com/homeservices/application/views/front/home.php 100
ERROR - 06/15/2017 03:46 pm --> Severity: Notice --> Undefined variable: child_catname /home2/carolhhp/public_html/democarol.com/homeservices/application/views/front/home.php 89
ERROR - 06/15/2017 03:46 pm --> Severity: Notice --> Trying to get property of non-object /home2/carolhhp/public_html/democarol.com/homeservices/application/views/front/home.php 89
ERROR - 06/15/2017 03:46 pm --> Severity: Notice --> Undefined variable: child_catname /home2/carolhhp/public_html/democarol.com/homeservices/application/views/front/home.php 90
ERROR - 06/15/2017 03:46 pm --> Severity: Notice --> Trying to get property of non-object /home2/carolhhp/public_html/democarol.com/homeservices/application/views/front/home.php 90
ERROR - 06/15/2017 03:46 pm --> Severity: Notice --> Undefined variable: child_catname /home2/carolhhp/public_html/democarol.com/homeservices/application/views/front/home.php 91
ERROR - 06/15/2017 03:46 pm --> Severity: Notice --> Trying to get property of non-object /home2/carolhhp/public_html/democarol.com/homeservices/application/views/front/home.php 91
ERROR - 06/15/2017 03:46 pm --> Severity: Notice --> Undefined variable: child_catname /home2/carolhhp/public_html/democarol.com/homeservices/application/views/front/home.php 92
ERROR - 06/15/2017 03:46 pm --> Severity: Notice --> Trying to get property of non-object /home2/carolhhp/public_html/democarol.com/homeservices/application/views/front/home.php 92
ERROR - 06/15/2017 03:46 pm --> Severity: Notice --> Undefined variable: child_catname /home2/carolhhp/public_html/democarol.com/homeservices/application/views/front/home.php 93
ERROR - 06/15/2017 03:46 pm --> Severity: Notice --> Trying to get property of non-object /home2/carolhhp/public_html/democarol.com/homeservices/application/views/front/home.php 93
ERROR - 06/15/2017 03:46 pm --> Severity: Notice --> Use of undefined constant php - assumed 'php' /home2/carolhhp/public_html/democarol.com/homeservices/application/views/front/home.php 100
ERROR - 06/15/2017 03:47 pm --> Severity: Notice --> Undefined variable: child_catname /home2/carolhhp/public_html/democarol.com/homeservices/application/views/front/home.php 89
ERROR - 06/15/2017 03:47 pm --> Severity: Notice --> Trying to get property of non-object /home2/carolhhp/public_html/democarol.com/homeservices/application/views/front/home.php 89
ERROR - 06/15/2017 03:47 pm --> Severity: Notice --> Undefined variable: child_catname /home2/carolhhp/public_html/democarol.com/homeservices/application/views/front/home.php 90
ERROR - 06/15/2017 03:47 pm --> Severity: Notice --> Trying to get property of non-object /home2/carolhhp/public_html/democarol.com/homeservices/application/views/front/home.php 90
ERROR - 06/15/2017 03:47 pm --> Severity: Notice --> Undefined variable: child_catname /home2/carolhhp/public_html/democarol.com/homeservices/application/views/front/home.php 91
ERROR - 06/15/2017 03:47 pm --> Severity: Notice --> Trying to get property of non-object /home2/carolhhp/public_html/democarol.com/homeservices/application/views/front/home.php 91
ERROR - 06/15/2017 03:47 pm --> Severity: Notice --> Undefined variable: child_catname /home2/carolhhp/public_html/democarol.com/homeservices/application/views/front/home.php 92
ERROR - 06/15/2017 03:47 pm --> Severity: Notice --> Trying to get property of non-object /home2/carolhhp/public_html/democarol.com/homeservices/application/views/front/home.php 92
ERROR - 06/15/2017 03:47 pm --> Severity: Notice --> Undefined variable: child_catname /home2/carolhhp/public_html/democarol.com/homeservices/application/views/front/home.php 93
ERROR - 06/15/2017 03:47 pm --> Severity: Notice --> Trying to get property of non-object /home2/carolhhp/public_html/democarol.com/homeservices/application/views/front/home.php 93
ERROR - 06/15/2017 03:47 pm --> Severity: Notice --> Use of undefined constant php - assumed 'php' /home2/carolhhp/public_html/democarol.com/homeservices/application/views/front/home.php 100
ERROR - 06/15/2017 03:48 pm --> Severity: error --> Exception: An active access token must be used to query information about the current user. /home2/carolhhp/public_html/democarol.com/homeservices/application/libraries/base_facebook.php 1325
ERROR - 06/15/2017 05:19 am --> 404 Page Not Found: Assets/front
ERROR - 06/15/2017 05:19 am --> 404 Page Not Found: Assets/front
ERROR - 06/15/2017 05:19 am --> 404 Page Not Found: Assets/front
ERROR - 06/15/2017 05:19 am --> 404 Page Not Found: Assets/front
ERROR - 06/15/2017 05:19 am --> 404 Page Not Found: Assets/front
ERROR - 06/15/2017 05:19 am --> 404 Page Not Found: Assets/front
ERROR - 06/15/2017 05:19 am --> 404 Page Not Found: Assets/front
ERROR - 06/15/2017 03:49 pm --> Severity: Warning --> require_once(base_facebook.php): failed to open stream: No such file or directory /home2/carolhhp/public_html/democarol.com/homeservices/application/libraries/Facebook.php 18
ERROR - 06/15/2017 03:49 pm --> Severity: Warning --> Cannot modify header information - headers already sent by (output started at /home2/carolhhp/public_html/democarol.com/homeservices/system/core/Exceptions.php:271) /home2/carolhhp/public_html/democarol.com/homeservices/system/core/Common.php 573
ERROR - 06/15/2017 03:49 pm --> Severity: Compile Error --> require_once(): Failed opening required 'base_facebook.php' (include_path='.:/opt/php56/lib/php') /home2/carolhhp/public_html/democarol.com/homeservices/application/libraries/Facebook.php 18
ERROR - 06/15/2017 03:49 pm --> Severity: Warning --> require_once(base_facebook.php): failed to open stream: No such file or directory /home2/carolhhp/public_html/democarol.com/homeservices/application/libraries/Facebook.php 18
ERROR - 06/15/2017 03:49 pm --> Severity: Warning --> Cannot modify header information - headers already sent by (output started at /home2/carolhhp/public_html/democarol.com/homeservices/system/core/Exceptions.php:271) /home2/carolhhp/public_html/democarol.com/homeservices/system/core/Common.php 573
ERROR - 06/15/2017 03:49 pm --> Severity: Compile Error --> require_once(): Failed opening required 'base_facebook.php' (include_path='.:/opt/php56/lib/php') /home2/carolhhp/public_html/democarol.com/homeservices/application/libraries/Facebook.php 18
ERROR - 06/15/2017 03:49 pm --> Severity: Warning --> require_once(base_facebook.php): failed to open stream: No such file or directory /home2/carolhhp/public_html/democarol.com/homeservices/application/libraries/Facebook.php 18
ERROR - 06/15/2017 03:49 pm --> Severity: Warning --> Cannot modify header information - headers already sent by (output started at /home2/carolhhp/public_html/democarol.com/homeservices/system/core/Exceptions.php:271) /home2/carolhhp/public_html/democarol.com/homeservices/system/core/Common.php 573
ERROR - 06/15/2017 03:49 pm --> Severity: Compile Error --> require_once(): Failed opening required 'base_facebook.php' (include_path='.:/opt/php56/lib/php') /home2/carolhhp/public_html/democarol.com/homeservices/application/libraries/Facebook.php 18
ERROR - 06/15/2017 03:49 pm --> Severity: Warning --> require_once(base_facebook.php): failed to open stream: No such file or directory /home2/carolhhp/public_html/democarol.com/homeservices/application/libraries/Facebook.php 18
ERROR - 06/15/2017 03:49 pm --> Severity: Warning --> Cannot modify header information - headers already sent by (output started at /home2/carolhhp/public_html/democarol.com/homeservices/system/core/Exceptions.php:271) /home2/carolhhp/public_html/democarol.com/homeservices/system/core/Common.php 573
ERROR - 06/15/2017 03:49 pm --> Severity: Compile Error --> require_once(): Failed opening required 'base_facebook.php' (include_path='.:/opt/php56/lib/php') /home2/carolhhp/public_html/democarol.com/homeservices/application/libraries/Facebook.php 18
ERROR - 06/15/2017 03:49 pm --> Severity: Warning --> require_once(base_facebook.php): failed to open stream: No such file or directory /home2/carolhhp/public_html/democarol.com/homeservices/application/libraries/Facebook.php 18
ERROR - 06/15/2017 03:49 pm --> Severity: Warning --> Cannot modify header information - headers already sent by (output started at /home2/carolhhp/public_html/democarol.com/homeservices/system/core/Exceptions.php:271) /home2/carolhhp/public_html/democarol.com/homeservices/system/core/Common.php 573
ERROR - 06/15/2017 03:49 pm --> Severity: Compile Error --> require_once(): Failed opening required 'base_facebook.php' (include_path='.:/opt/php56/lib/php') /home2/carolhhp/public_html/democarol.com/homeservices/application/libraries/Facebook.php 18
ERROR - 06/15/2017 03:51 pm --> Severity: Notice --> Undefined variable: child_catname /home2/carolhhp/public_html/democarol.com/homeservices/application/views/front/home.php 89
ERROR - 06/15/2017 03:51 pm --> Severity: Notice --> Trying to get property of non-object /home2/carolhhp/public_html/democarol.com/homeservices/application/views/front/home.php 89
ERROR - 06/15/2017 03:51 pm --> Severity: Notice --> Undefined variable: child_catname /home2/carolhhp/public_html/democarol.com/homeservices/application/views/front/home.php 90
ERROR - 06/15/2017 03:51 pm --> Severity: Notice --> Trying to get property of non-object /home2/carolhhp/public_html/democarol.com/homeservices/application/views/front/home.php 90
ERROR - 06/15/2017 03:51 pm --> Severity: Notice --> Undefined variable: child_catname /home2/carolhhp/public_html/democarol.com/homeservices/application/views/front/home.php 91
ERROR - 06/15/2017 03:51 pm --> Severity: Notice --> Trying to get property of non-object /home2/carolhhp/public_html/democarol.com/homeservices/application/views/front/home.php 91
ERROR - 06/15/2017 03:51 pm --> Severity: Notice --> Undefined variable: child_catname /home2/carolhhp/public_html/democarol.com/homeservices/application/views/front/home.php 92
ERROR - 06/15/2017 03:51 pm --> Severity: Notice --> Trying to get property of non-object /home2/carolhhp/public_html/democarol.com/homeservices/application/views/front/home.php 92
ERROR - 06/15/2017 03:51 pm --> Severity: Notice --> Undefined variable: child_catname /home2/carolhhp/public_html/democarol.com/homeservices/application/views/front/home.php 93
ERROR - 06/15/2017 03:51 pm --> Severity: Notice --> Trying to get property of non-object /home2/carolhhp/public_html/democarol.com/homeservices/application/views/front/home.php 93
ERROR - 06/15/2017 03:51 pm --> Severity: Notice --> Use of undefined constant php - assumed 'php' /home2/carolhhp/public_html/democarol.com/homeservices/application/views/front/home.php 100
ERROR - 06/15/2017 03:51 pm --> Severity: Notice --> Undefined variable: child_catname /home2/carolhhp/public_html/democarol.com/homeservices/application/views/front/home.php 89
ERROR - 06/15/2017 03:51 pm --> Severity: Notice --> Trying to get property of non-object /home2/carolhhp/public_html/democarol.com/homeservices/application/views/front/home.php 89
ERROR - 06/15/2017 03:51 pm --> Severity: Notice --> Undefined variable: child_catname /home2/carolhhp/public_html/democarol.com/homeservices/application/views/front/home.php 90
ERROR - 06/15/2017 03:51 pm --> Severity: Notice --> Trying to get property of non-object /home2/carolhhp/public_html/democarol.com/homeservices/application/views/front/home.php 90
ERROR - 06/15/2017 03:51 pm --> Severity: Notice --> Undefined variable: child_catname /home2/carolhhp/public_html/democarol.com/homeservices/application/views/front/home.php 91
ERROR - 06/15/2017 03:51 pm --> Severity: Notice --> Trying to get property of non-object /home2/carolhhp/public_html/democarol.com/homeservices/application/views/front/home.php 91
ERROR - 06/15/2017 03:51 pm --> Severity: Notice --> Undefined variable: child_catname /home2/carolhhp/public_html/democarol.com/homeservices/application/views/front/home.php 92
ERROR - 06/15/2017 03:51 pm --> Severity: Notice --> Trying to get property of non-object /home2/carolhhp/public_html/democarol.com/homeservices/application/views/front/home.php 92
ERROR - 06/15/2017 03:51 pm --> Severity: Notice --> Undefined variable: child_catname /home2/carolhhp/public_html/democarol.com/homeservices/application/views/front/home.php 93
ERROR - 06/15/2017 03:51 pm --> Severity: Notice --> Trying to get property of non-object /home2/carolhhp/public_html/democarol.com/homeservices/application/views/front/home.php 93
ERROR - 06/15/2017 03:51 pm --> Severity: Notice --> Use of undefined constant php - assumed 'php' /home2/carolhhp/public_html/democarol.com/homeservices/application/views/front/home.php 100
ERROR - 06/15/2017 03:51 pm --> Severity: Notice --> Undefined variable: child_catname /home2/carolhhp/public_html/democarol.com/homeservices/application/views/front/home.php 89
ERROR - 06/15/2017 03:51 pm --> Severity: Notice --> Trying to get property of non-object /home2/carolhhp/public_html/democarol.com/homeservices/application/views/front/home.php 89
ERROR - 06/15/2017 03:51 pm --> Severity: Notice --> Undefined variable: child_catname /home2/carolhhp/public_html/democarol.com/homeservices/application/views/front/home.php 90
ERROR - 06/15/2017 03:51 pm --> Severity: Notice --> Trying to get property of non-object /home2/carolhhp/public_html/democarol.com/homeservices/application/views/front/home.php 90
ERROR - 06/15/2017 03:51 pm --> Severity: Notice --> Undefined variable: child_catname /home2/carolhhp/public_html/democarol.com/homeservices/application/views/front/home.php 91
ERROR - 06/15/2017 03:51 pm --> Severity: Notice --> Trying to get property of non-object /home2/carolhhp/public_html/democarol.com/homeservices/application/views/front/home.php 91
ERROR - 06/15/2017 03:51 pm --> Severity: Notice --> Undefined variable: child_catname /home2/carolhhp/public_html/democarol.com/homeservices/application/views/front/home.php 92
ERROR - 06/15/2017 03:51 pm --> Severity: Notice --> Trying to get property of non-object /home2/carolhhp/public_html/democarol.com/homeservices/application/views/front/home.php 92
ERROR - 06/15/2017 03:51 pm --> Severity: Notice --> Undefined variable: child_catname /home2/carolhhp/public_html/democarol.com/homeservices/application/views/front/home.php 93
ERROR - 06/15/2017 03:51 pm --> Severity: Notice --> Trying to get property of non-object /home2/carolhhp/public_html/democarol.com/homeservices/application/views/front/home.php 93
ERROR - 06/15/2017 03:51 pm --> Severity: Notice --> Use of undefined constant php - assumed 'php' /home2/carolhhp/public_html/democarol.com/homeservices/application/views/front/home.php 100
ERROR - 06/15/2017 05:21 am --> 404 Page Not Found: Assets/front
ERROR - 06/15/2017 05:21 am --> 404 Page Not Found: Assets/front
ERROR - 06/15/2017 05:21 am --> 404 Page Not Found: Assets/front
ERROR - 06/15/2017 05:21 am --> 404 Page Not Found: Assets/front
ERROR - 06/15/2017 05:21 am --> 404 Page Not Found: Assets/front
ERROR - 06/15/2017 03:51 pm --> Severity: Notice --> Undefined variable: child_catname /home2/carolhhp/public_html/democarol.com/homeservices/application/views/front/home.php 89
ERROR - 06/15/2017 03:51 pm --> Severity: Notice --> Trying to get property of non-object /home2/carolhhp/public_html/democarol.com/homeservices/application/views/front/home.php 89
ERROR - 06/15/2017 03:51 pm --> Severity: Notice --> Undefined variable: child_catname /home2/carolhhp/public_html/democarol.com/homeservices/application/views/front/home.php 90
ERROR - 06/15/2017 03:51 pm --> Severity: Notice --> Trying to get property of non-object /home2/carolhhp/public_html/democarol.com/homeservices/application/views/front/home.php 90
ERROR - 06/15/2017 03:51 pm --> Severity: Notice --> Undefined variable: child_catname /home2/carolhhp/public_html/democarol.com/homeservices/application/views/front/home.php 91
ERROR - 06/15/2017 03:51 pm --> Severity: Notice --> Trying to get property of non-object /home2/carolhhp/public_html/democarol.com/homeservices/application/views/front/home.php 91
ERROR - 06/15/2017 03:51 pm --> Severity: Notice --> Undefined variable: child_catname /home2/carolhhp/public_html/democarol.com/homeservices/application/views/front/home.php 92
ERROR - 06/15/2017 03:51 pm --> Severity: Notice --> Trying to get property of non-object /home2/carolhhp/public_html/democarol.com/homeservices/application/views/front/home.php 92
ERROR - 06/15/2017 03:51 pm --> Severity: Notice --> Undefined variable: child_catname /home2/carolhhp/public_html/democarol.com/homeservices/application/views/front/home.php 93
ERROR - 06/15/2017 03:51 pm --> Severity: Notice --> Trying to get property of non-object /home2/carolhhp/public_html/democarol.com/homeservices/application/views/front/home.php 93
ERROR - 06/15/2017 03:51 pm --> Severity: Notice --> Use of undefined constant php - assumed 'php' /home2/carolhhp/public_html/democarol.com/homeservices/application/views/front/home.php 100
ERROR - 06/15/2017 05:21 am --> 404 Page Not Found: Assets/front
ERROR - 06/15/2017 03:52 pm --> Severity: error --> Exception: An active access token must be used to query information about the current user. /home2/carolhhp/public_html/democarol.com/homeservices/application/libraries/Base_facebook.php 1325
ERROR - 06/15/2017 03:54 pm --> Unable to load the requested class: Facebook
ERROR - 06/15/2017 03:54 pm --> Unable to load the requested class: Facebook
ERROR - 06/15/2017 03:54 pm --> Unable to load the requested class: Facebook
ERROR - 06/15/2017 03:54 pm --> Unable to load the requested class: Facebook
ERROR - 06/15/2017 03:54 pm --> Unable to load the requested class: Facebook
ERROR - 06/15/2017 03:54 pm --> Unable to load the requested class: Facebook
ERROR - 06/15/2017 03:54 pm --> Unable to load the requested class: Facebook
ERROR - 06/15/2017 03:54 pm --> Unable to load the requested class: Facebook
ERROR - 06/15/2017 03:54 pm --> Unable to load the requested class: Facebook
ERROR - 06/15/2017 03:55 pm --> Severity: Notice --> Undefined variable: child_catname /home2/carolhhp/public_html/democarol.com/homeservices/application/views/front/home.php 89
ERROR - 06/15/2017 03:55 pm --> Severity: Notice --> Trying to get property of non-object /home2/carolhhp/public_html/democarol.com/homeservices/application/views/front/home.php 89
ERROR - 06/15/2017 03:55 pm --> Severity: Notice --> Undefined variable: child_catname /home2/carolhhp/public_html/democarol.com/homeservices/application/views/front/home.php 90
ERROR - 06/15/2017 03:55 pm --> Severity: Notice --> Trying to get property of non-object /home2/carolhhp/public_html/democarol.com/homeservices/application/views/front/home.php 90
ERROR - 06/15/2017 03:55 pm --> Severity: Notice --> Undefined variable: child_catname /home2/carolhhp/public_html/democarol.com/homeservices/application/views/front/home.php 91
ERROR - 06/15/2017 03:55 pm --> Severity: Notice --> Trying to get property of non-object /home2/carolhhp/public_html/democarol.com/homeservices/application/views/front/home.php 91
ERROR - 06/15/2017 03:55 pm --> Severity: Notice --> Undefined variable: child_catname /home2/carolhhp/public_html/democarol.com/homeservices/application/views/front/home.php 92
ERROR - 06/15/2017 03:55 pm --> Severity: Notice --> Trying to get property of non-object /home2/carolhhp/public_html/democarol.com/homeservices/application/views/front/home.php 92
ERROR - 06/15/2017 03:55 pm --> Severity: Notice --> Undefined variable: child_catname /home2/carolhhp/public_html/democarol.com/homeservices/application/views/front/home.php 93
ERROR - 06/15/2017 03:55 pm --> Severity: Notice --> Trying to get property of non-object /home2/carolhhp/public_html/democarol.com/homeservices/application/views/front/home.php 93
ERROR - 06/15/2017 03:55 pm --> Severity: Notice --> Use of undefined constant php - assumed 'php' /home2/carolhhp/public_html/democarol.com/homeservices/application/views/front/home.php 100
ERROR - 06/15/2017 03:55 pm --> Severity: error --> Exception: An active access token must be used to query information about the current user. /home2/carolhhp/public_html/democarol.com/homeservices/application/libraries/base_facebook.php 1325
ERROR - 06/15/2017 05:37 am --> 404 Page Not Found: Assets/front
ERROR - 06/15/2017 05:37 am --> 404 Page Not Found: front/Service/badroom_plan
ERROR - 06/15/2017 05:37 am --> 404 Page Not Found: front/Service/badroom_plan
ERROR - 06/15/2017 05:37 am --> 404 Page Not Found: front/Service/badroom_plan
ERROR - 06/15/2017 05:37 am --> 404 Page Not Found: Assets/front
ERROR - 06/15/2017 05:37 am --> 404 Page Not Found: Assets/front
ERROR - 06/15/2017 05:37 am --> 404 Page Not Found: Assets/front
ERROR - 06/15/2017 05:37 am --> 404 Page Not Found: Assets/front
ERROR - 06/15/2017 05:37 am --> 404 Page Not Found: Assets/front
ERROR - 06/15/2017 04:09 pm --> Severity: Notice --> Undefined variable: child_catname /home2/carolhhp/public_html/democarol.com/homeservices/application/views/front/home.php 89
ERROR - 06/15/2017 04:09 pm --> Severity: Notice --> Trying to get property of non-object /home2/carolhhp/public_html/democarol.com/homeservices/application/views/front/home.php 89
ERROR - 06/15/2017 04:09 pm --> Severity: Notice --> Undefined variable: child_catname /home2/carolhhp/public_html/democarol.com/homeservices/application/views/front/home.php 90
ERROR - 06/15/2017 04:09 pm --> Severity: Notice --> Trying to get property of non-object /home2/carolhhp/public_html/democarol.com/homeservices/application/views/front/home.php 90
ERROR - 06/15/2017 04:09 pm --> Severity: Notice --> Undefined variable: child_catname /home2/carolhhp/public_html/democarol.com/homeservices/application/views/front/home.php 91
ERROR - 06/15/2017 04:09 pm --> Severity: Notice --> Trying to get property of non-object /home2/carolhhp/public_html/democarol.com/homeservices/application/views/front/home.php 91
ERROR - 06/15/2017 04:09 pm --> Severity: Notice --> Undefined variable: child_catname /home2/carolhhp/public_html/democarol.com/homeservices/application/views/front/home.php 92
ERROR - 06/15/2017 04:09 pm --> Severity: Notice --> Trying to get property of non-object /home2/carolhhp/public_html/democarol.com/homeservices/application/views/front/home.php 92
ERROR - 06/15/2017 04:09 pm --> Severity: Notice --> Undefined variable: child_catname /home2/carolhhp/public_html/democarol.com/homeservices/application/views/front/home.php 93
ERROR - 06/15/2017 04:09 pm --> Severity: Notice --> Trying to get property of non-object /home2/carolhhp/public_html/democarol.com/homeservices/application/views/front/home.php 93
ERROR - 06/15/2017 04:09 pm --> Severity: Notice --> Use of undefined constant php - assumed 'php' /home2/carolhhp/public_html/democarol.com/homeservices/application/views/front/home.php 100
ERROR - 06/15/2017 05:40 am --> 404 Page Not Found: front/Service/badroom_plan
ERROR - 06/15/2017 05:40 am --> 404 Page Not Found: front/Service/badroom_plan
ERROR - 06/15/2017 04:11 pm --> Severity: Notice --> Undefined variable: child_catname /home2/carolhhp/public_html/democarol.com/homeservices/application/views/front/home.php 89
ERROR - 06/15/2017 04:11 pm --> Severity: Notice --> Trying to get property of non-object /home2/carolhhp/public_html/democarol.com/homeservices/application/views/front/home.php 89
ERROR - 06/15/2017 04:11 pm --> Severity: Notice --> Undefined variable: child_catname /home2/carolhhp/public_html/democarol.com/homeservices/application/views/front/home.php 90
ERROR - 06/15/2017 04:11 pm --> Severity: Notice --> Trying to get property of non-object /home2/carolhhp/public_html/democarol.com/homeservices/application/views/front/home.php 90
ERROR - 06/15/2017 04:11 pm --> Severity: Notice --> Undefined variable: child_catname /home2/carolhhp/public_html/democarol.com/homeservices/application/views/front/home.php 91
ERROR - 06/15/2017 04:11 pm --> Severity: Notice --> Trying to get property of non-object /home2/carolhhp/public_html/democarol.com/homeservices/application/views/front/home.php 91
ERROR - 06/15/2017 04:11 pm --> Severity: Notice --> Undefined variable: child_catname /home2/carolhhp/public_html/democarol.com/homeservices/application/views/front/home.php 92
ERROR - 06/15/2017 04:11 pm --> Severity: Notice --> Trying to get property of non-object /home2/carolhhp/public_html/democarol.com/homeservices/application/views/front/home.php 92
ERROR - 06/15/2017 04:11 pm --> Severity: Notice --> Undefined variable: child_catname /home2/carolhhp/public_html/democarol.com/homeservices/application/views/front/home.php 93
ERROR - 06/15/2017 04:11 pm --> Severity: Notice --> Trying to get property of non-object /home2/carolhhp/public_html/democarol.com/homeservices/application/views/front/home.php 93
ERROR - 06/15/2017 04:11 pm --> Severity: Notice --> Use of undefined constant php - assumed 'php' /home2/carolhhp/public_html/democarol.com/homeservices/application/views/front/home.php 100
ERROR - 06/15/2017 05:42 am --> 404 Page Not Found: front/Service/badroom_plan
ERROR - 06/15/2017 05:42 am --> 404 Page Not Found: front/Service/badroom_plan
ERROR - 06/15/2017 05:42 am --> 404 Page Not Found: front/Service/badroom_plan
ERROR - 06/15/2017 05:42 am --> 404 Page Not Found: front/Service/badroom_plan
ERROR - 06/15/2017 05:42 am --> 404 Page Not Found: front/Service/badroom_plan
ERROR - 06/15/2017 05:42 am --> 404 Page Not Found: front/Service/badroom_plan
ERROR - 06/15/2017 05:42 am --> 404 Page Not Found: front/Service/badroom_plan
ERROR - 06/15/2017 05:42 am --> 404 Page Not Found: front/Service/badroom_plan
ERROR - 06/15/2017 05:42 am --> 404 Page Not Found: front/Service/badroom_plan
ERROR - 06/15/2017 05:42 am --> 404 Page Not Found: front/Service/badroom_plan
ERROR - 06/15/2017 05:42 am --> 404 Page Not Found: front/Service/badroom_plan
ERROR - 06/15/2017 04:13 pm --> Severity: Notice --> Undefined variable: child_catname /home2/carolhhp/public_html/democarol.com/homeservices/application/views/front/home.php 89
ERROR - 06/15/2017 04:13 pm --> Severity: Notice --> Trying to get property of non-object /home2/carolhhp/public_html/democarol.com/homeservices/application/views/front/home.php 89
ERROR - 06/15/2017 04:13 pm --> Severity: Notice --> Undefined variable: child_catname /home2/carolhhp/public_html/democarol.com/homeservices/application/views/front/home.php 90
ERROR - 06/15/2017 04:13 pm --> Severity: Notice --> Trying to get property of non-object /home2/carolhhp/public_html/democarol.com/homeservices/application/views/front/home.php 90
ERROR - 06/15/2017 04:13 pm --> Severity: Notice --> Undefined variable: child_catname /home2/carolhhp/public_html/democarol.com/homeservices/application/views/front/home.php 91
ERROR - 06/15/2017 04:13 pm --> Severity: Notice --> Trying to get property of non-object /home2/carolhhp/public_html/democarol.com/homeservices/application/views/front/home.php 91
ERROR - 06/15/2017 04:13 pm --> Severity: Notice --> Undefined variable: child_catname /home2/carolhhp/public_html/democarol.com/homeservices/application/views/front/home.php 92
ERROR - 06/15/2017 04:13 pm --> Severity: Notice --> Trying to get property of non-object /home2/carolhhp/public_html/democarol.com/homeservices/application/views/front/home.php 92
ERROR - 06/15/2017 04:13 pm --> Severity: Notice --> Undefined variable: child_catname /home2/carolhhp/public_html/democarol.com/homeservices/application/views/front/home.php 93
ERROR - 06/15/2017 04:13 pm --> Severity: Notice --> Trying to get property of non-object /home2/carolhhp/public_html/democarol.com/homeservices/application/views/front/home.php 93
ERROR - 06/15/2017 04:13 pm --> Severity: Notice --> Use of undefined constant php - assumed 'php' /home2/carolhhp/public_html/democarol.com/homeservices/application/views/front/home.php 100
ERROR - 06/15/2017 04:15 pm --> Severity: Notice --> Undefined variable: child_catname /home2/carolhhp/public_html/democarol.com/homeservices/application/views/front/home.php 89
ERROR - 06/15/2017 04:15 pm --> Severity: Notice --> Trying to get property of non-object /home2/carolhhp/public_html/democarol.com/homeservices/application/views/front/home.php 89
ERROR - 06/15/2017 04:15 pm --> Severity: Notice --> Undefined variable: child_catname /home2/carolhhp/public_html/democarol.com/homeservices/application/views/front/home.php 90
ERROR - 06/15/2017 04:15 pm --> Severity: Notice --> Trying to get property of non-object /home2/carolhhp/public_html/democarol.com/homeservices/application/views/front/home.php 90
ERROR - 06/15/2017 04:15 pm --> Severity: Notice --> Undefined variable: child_catname /home2/carolhhp/public_html/democarol.com/homeservices/application/views/front/home.php 91
ERROR - 06/15/2017 04:15 pm --> Severity: Notice --> Trying to get property of non-object /home2/carolhhp/public_html/democarol.com/homeservices/application/views/front/home.php 91
ERROR - 06/15/2017 04:15 pm --> Severity: Notice --> Undefined variable: child_catname /home2/carolhhp/public_html/democarol.com/homeservices/application/views/front/home.php 92
ERROR - 06/15/2017 04:15 pm --> Severity: Notice --> Trying to get property of non-object /home2/carolhhp/public_html/democarol.com/homeservices/application/views/front/home.php 92
ERROR - 06/15/2017 04:15 pm --> Severity: Notice --> Undefined variable: child_catname /home2/carolhhp/public_html/democarol.com/homeservices/application/views/front/home.php 93
ERROR - 06/15/2017 04:15 pm --> Severity: Notice --> Trying to get property of non-object /home2/carolhhp/public_html/democarol.com/homeservices/application/views/front/home.php 93
ERROR - 06/15/2017 04:15 pm --> Severity: Notice --> Use of undefined constant php - assumed 'php' /home2/carolhhp/public_html/democarol.com/homeservices/application/views/front/home.php 100
ERROR - 06/15/2017 04:15 pm --> Severity: Notice --> Undefined variable: child_catname /home2/carolhhp/public_html/democarol.com/homeservices/application/views/front/home.php 89
ERROR - 06/15/2017 04:15 pm --> Severity: Notice --> Trying to get property of non-object /home2/carolhhp/public_html/democarol.com/homeservices/application/views/front/home.php 89
ERROR - 06/15/2017 04:15 pm --> Severity: Notice --> Undefined variable: child_catname /home2/carolhhp/public_html/democarol.com/homeservices/application/views/front/home.php 90
ERROR - 06/15/2017 04:15 pm --> Severity: Notice --> Trying to get property of non-object /home2/carolhhp/public_html/democarol.com/homeservices/application/views/front/home.php 90
ERROR - 06/15/2017 04:15 pm --> Severity: Notice --> Undefined variable: child_catname /home2/carolhhp/public_html/democarol.com/homeservices/application/views/front/home.php 91
ERROR - 06/15/2017 04:15 pm --> Severity: Notice --> Trying to get property of non-object /home2/carolhhp/public_html/democarol.com/homeservices/application/views/front/home.php 91
ERROR - 06/15/2017 04:15 pm --> Severity: Notice --> Undefined variable: child_catname /home2/carolhhp/public_html/democarol.com/homeservices/application/views/front/home.php 92
ERROR - 06/15/2017 04:15 pm --> Severity: Notice --> Trying to get property of non-object /home2/carolhhp/public_html/democarol.com/homeservices/application/views/front/home.php 92
ERROR - 06/15/2017 04:15 pm --> Severity: Notice --> Undefined variable: child_catname /home2/carolhhp/public_html/democarol.com/homeservices/application/views/front/home.php 93
ERROR - 06/15/2017 04:15 pm --> Severity: Notice --> Trying to get property of non-object /home2/carolhhp/public_html/democarol.com/homeservices/application/views/front/home.php 93
ERROR - 06/15/2017 04:15 pm --> Severity: Notice --> Use of undefined constant php - assumed 'php' /home2/carolhhp/public_html/democarol.com/homeservices/application/views/front/home.php 100
ERROR - 06/15/2017 05:49 am --> 404 Page Not Found: PaymentLawn-Service/index
ERROR - 06/15/2017 05:49 am --> 404 Page Not Found: Assets/front
ERROR - 06/15/2017 05:49 am --> 404 Page Not Found: front/Service/badroom_plan
ERROR - 06/15/2017 05:49 am --> 404 Page Not Found: Assets/front
ERROR - 06/15/2017 05:49 am --> 404 Page Not Found: Assets/front
ERROR - 06/15/2017 05:49 am --> 404 Page Not Found: Assets/front
ERROR - 06/15/2017 05:49 am --> 404 Page Not Found: Assets/front
ERROR - 06/15/2017 05:50 am --> 404 Page Not Found: PaymentCarpet-Cleaning/index
ERROR - 06/15/2017 05:50 am --> 404 Page Not Found: front/Service/badroom_plan
ERROR - 06/15/2017 05:50 am --> 404 Page Not Found: front/Service/badroom_plan
ERROR - 06/15/2017 04:20 pm --> Severity: Warning --> Invalid argument supplied for foreach() /home2/carolhhp/public_html/democarol.com/homeservices/application/libraries/Myclass.php 111
ERROR - 06/15/2017 05:50 am --> 404 Page Not Found: PaymentDrains/index
ERROR - 06/15/2017 05:50 am --> 404 Page Not Found: PaymentCarpet-Cleaning/index
ERROR - 06/15/2017 05:50 am --> 404 Page Not Found: PaymentDrains/index
ERROR - 06/15/2017 04:22 pm --> Severity: Warning --> Invalid argument supplied for foreach() /home2/carolhhp/public_html/democarol.com/homeservices/application/libraries/Myclass.php 111
ERROR - 06/15/2017 04:24 pm --> Severity: Notice --> Trying to get property of non-object /home2/carolhhp/public_html/democarol.com/homeservices/application/views/front/services/payment.php 14
ERROR - 06/15/2017 04:24 pm --> Severity: Notice --> Trying to get property of non-object /home2/carolhhp/public_html/democarol.com/homeservices/application/views/front/services/payment.php 14
ERROR - 06/15/2017 04:24 pm --> Severity: Notice --> Trying to get property of non-object /home2/carolhhp/public_html/democarol.com/homeservices/application/views/front/services/payment.php 22
ERROR - 06/15/2017 04:24 pm --> Severity: Notice --> Trying to get property of non-object /home2/carolhhp/public_html/democarol.com/homeservices/application/views/front/services/payment.php 25
ERROR - 06/15/2017 04:24 pm --> Severity: Notice --> Trying to get property of non-object /home2/carolhhp/public_html/democarol.com/homeservices/application/views/front/services/payment.php 45
ERROR - 06/15/2017 04:24 pm --> Severity: Notice --> Trying to get property of non-object /home2/carolhhp/public_html/democarol.com/homeservices/application/views/front/services/payment.php 66
ERROR - 06/15/2017 04:24 pm --> Query error: Duplicate entry '885cfe8b422f77a458e7c69c3cbdaf4ba2bd3b44' for key 'PRIMARY' - Invalid query: INSERT INTO `ai_sessions` (`id`, `ip_address`, `timestamp`, `data`) VALUES ('885cfe8b422f77a458e7c69c3cbdaf4ba2bd3b44', '74.82.35.46', 1497524080, '__ci_last_regenerate|i:1497524080;fb_1798431413741569_state|s:32:\"ca332d625f1f5554c307ce6fa1092c42\";')
ERROR - 06/15/2017 04:24 pm --> Severity: Warning --> Cannot modify header information - headers already sent by (output started at /home2/carolhhp/public_html/democarol.com/homeservices/system/core/Output.php:528) /home2/carolhhp/public_html/democarol.com/homeservices/system/core/Common.php 573
ERROR - 06/15/2017 04:26 pm --> Severity: Notice --> Undefined variable: child_catname /home2/carolhhp/public_html/democarol.com/homeservices/application/views/front/home.php 89
ERROR - 06/15/2017 04:26 pm --> Severity: Notice --> Trying to get property of non-object /home2/carolhhp/public_html/democarol.com/homeservices/application/views/front/home.php 89
ERROR - 06/15/2017 04:26 pm --> Severity: Notice --> Undefined variable: child_catname /home2/carolhhp/public_html/democarol.com/homeservices/application/views/front/home.php 90
ERROR - 06/15/2017 04:26 pm --> Severity: Notice --> Trying to get property of non-object /home2/carolhhp/public_html/democarol.com/homeservices/application/views/front/home.php 90
ERROR - 06/15/2017 04:26 pm --> Severity: Notice --> Undefined variable: child_catname /home2/carolhhp/public_html/democarol.com/homeservices/application/views/front/home.php 91
ERROR - 06/15/2017 04:26 pm --> Severity: Notice --> Trying to get property of non-object /home2/carolhhp/public_html/democarol.com/homeservices/application/views/front/home.php 91
ERROR - 06/15/2017 04:26 pm --> Severity: Notice --> Undefined variable: child_catname /home2/carolhhp/public_html/democarol.com/homeservices/application/views/front/home.php 92
ERROR - 06/15/2017 04:26 pm --> Severity: Notice --> Trying to get property of non-object /home2/carolhhp/public_html/democarol.com/homeservices/application/views/front/home.php 92
ERROR - 06/15/2017 04:26 pm --> Severity: Notice --> Undefined variable: child_catname /home2/carolhhp/public_html/democarol.com/homeservices/application/views/front/home.php 93
ERROR - 06/15/2017 04:26 pm --> Severity: Notice --> Trying to get property of non-object /home2/carolhhp/public_html/democarol.com/homeservices/application/views/front/home.php 93
ERROR - 06/15/2017 04:26 pm --> Severity: Notice --> Use of undefined constant php - assumed 'php' /home2/carolhhp/public_html/democarol.com/homeservices/application/views/front/home.php 100
ERROR - 06/15/2017 04:26 pm --> Query error: Duplicate entry '885cfe8b422f77a458e7c69c3cbdaf4ba2bd3b44' for key 'PRIMARY' - Invalid query: INSERT INTO `ai_sessions` (`id`, `ip_address`, `timestamp`, `data`) VALUES ('885cfe8b422f77a458e7c69c3cbdaf4ba2bd3b44', '74.82.35.46', 1497524162, '__ci_last_regenerate|i:1497524162;fb_1798431413741569_state|s:32:\"2683e3613a5e2c4abca41da1bc71881c\";')
ERROR - 06/15/2017 04:26 pm --> Severity: Warning --> Cannot modify header information - headers already sent by (output started at /home2/carolhhp/public_html/democarol.com/homeservices/system/core/Output.php:528) /home2/carolhhp/public_html/democarol.com/homeservices/system/core/Common.php 573
ERROR - 06/15/2017 04:26 pm --> Severity: Notice --> Undefined variable: child_catname /home2/carolhhp/public_html/democarol.com/homeservices/application/views/front/home.php 89
ERROR - 06/15/2017 04:26 pm --> Severity: Notice --> Trying to get property of non-object /home2/carolhhp/public_html/democarol.com/homeservices/application/views/front/home.php 89
ERROR - 06/15/2017 04:26 pm --> Severity: Notice --> Undefined variable: child_catname /home2/carolhhp/public_html/democarol.com/homeservices/application/views/front/home.php 90
ERROR - 06/15/2017 04:26 pm --> Severity: Notice --> Trying to get property of non-object /home2/carolhhp/public_html/democarol.com/homeservices/application/views/front/home.php 90
ERROR - 06/15/2017 04:26 pm --> Severity: Notice --> Undefined variable: child_catname /home2/carolhhp/public_html/democarol.com/homeservices/application/views/front/home.php 91
ERROR - 06/15/2017 04:26 pm --> Severity: Notice --> Trying to get property of non-object /home2/carolhhp/public_html/democarol.com/homeservices/application/views/front/home.php 91
ERROR - 06/15/2017 04:26 pm --> Severity: Notice --> Undefined variable: child_catname /home2/carolhhp/public_html/democarol.com/homeservices/application/views/front/home.php 92
ERROR - 06/15/2017 04:26 pm --> Severity: Notice --> Trying to get property of non-object /home2/carolhhp/public_html/democarol.com/homeservices/application/views/front/home.php 92
ERROR - 06/15/2017 04:26 pm --> Severity: Notice --> Undefined variable: child_catname /home2/carolhhp/public_html/democarol.com/homeservices/application/views/front/home.php 93
ERROR - 06/15/2017 04:26 pm --> Severity: Notice --> Trying to get property of non-object /home2/carolhhp/public_html/democarol.com/homeservices/application/views/front/home.php 93
ERROR - 06/15/2017 04:26 pm --> Severity: Notice --> Use of undefined constant php - assumed 'php' /home2/carolhhp/public_html/democarol.com/homeservices/application/views/front/home.php 100
ERROR - 06/15/2017 05:57 am --> 404 Page Not Found: Assets/front
ERROR - 06/15/2017 05:57 am --> 404 Page Not Found: front/Service/badroom_plan
ERROR - 06/15/2017 05:57 am --> 404 Page Not Found: Assets/front
ERROR - 06/15/2017 05:57 am --> 404 Page Not Found: Assets/front
ERROR - 06/15/2017 05:57 am --> 404 Page Not Found: Assets/front
ERROR - 06/15/2017 05:57 am --> 404 Page Not Found: Assets/front
ERROR - 06/15/2017 05:57 am --> 404 Page Not Found: Assets/front
ERROR - 06/15/2017 05:58 am --> 404 Page Not Found: Assets/front
ERROR - 06/15/2017 05:58 am --> 404 Page Not Found: Assets/front
ERROR - 06/15/2017 05:58 am --> 404 Page Not Found: Assets/front
ERROR - 06/15/2017 05:58 am --> 404 Page Not Found: Assets/front
ERROR - 06/15/2017 05:58 am --> 404 Page Not Found: Assets/front
ERROR - 06/15/2017 06:03 am --> 404 Page Not Found: PaymentDrains/index
ERROR - 06/15/2017 04:34 pm --> Severity: Notice --> Undefined variable: child_catname /home2/carolhhp/public_html/democarol.com/homeservices/application/views/front/home.php 89
ERROR - 06/15/2017 04:34 pm --> Severity: Notice --> Trying to get property of non-object /home2/carolhhp/public_html/democarol.com/homeservices/application/views/front/home.php 89
ERROR - 06/15/2017 04:34 pm --> Severity: Notice --> Undefined variable: child_catname /home2/carolhhp/public_html/democarol.com/homeservices/application/views/front/home.php 90
ERROR - 06/15/2017 04:34 pm --> Severity: Notice --> Trying to get property of non-object /home2/carolhhp/public_html/democarol.com/homeservices/application/views/front/home.php 90
ERROR - 06/15/2017 04:34 pm --> Severity: Notice --> Undefined variable: child_catname /home2/carolhhp/public_html/democarol.com/homeservices/application/views/front/home.php 91
ERROR - 06/15/2017 04:34 pm --> Severity: Notice --> Trying to get property of non-object /home2/carolhhp/public_html/democarol.com/homeservices/application/views/front/home.php 91
ERROR - 06/15/2017 04:34 pm --> Severity: Notice --> Undefined variable: child_catname /home2/carolhhp/public_html/democarol.com/homeservices/application/views/front/home.php 92
ERROR - 06/15/2017 04:34 pm --> Severity: Notice --> Trying to get property of non-object /home2/carolhhp/public_html/democarol.com/homeservices/application/views/front/home.php 92
ERROR - 06/15/2017 04:34 pm --> Severity: Notice --> Undefined variable: child_catname /home2/carolhhp/public_html/democarol.com/homeservices/application/views/front/home.php 93
ERROR - 06/15/2017 04:34 pm --> Severity: Notice --> Trying to get property of non-object /home2/carolhhp/public_html/democarol.com/homeservices/application/views/front/home.php 93
ERROR - 06/15/2017 04:34 pm --> Severity: Notice --> Use of undefined constant php - assumed 'php' /home2/carolhhp/public_html/democarol.com/homeservices/application/views/front/home.php 100
ERROR - 06/15/2017 06:05 am --> 404 Page Not Found: front/Service/badroom_plan
ERROR - 06/15/2017 06:05 am --> 404 Page Not Found: front/Service/badroom_plan
ERROR - 06/15/2017 06:05 am --> 404 Page Not Found: front/Service/badroom_plan
ERROR - 06/15/2017 06:05 am --> 404 Page Not Found: front/Service/badroom_plan
ERROR - 06/15/2017 06:05 am --> 404 Page Not Found: front/Service/badroom_plan
ERROR - 06/15/2017 06:05 am --> 404 Page Not Found: front/Service/badroom_plan
ERROR - 06/15/2017 04:37 pm --> Severity: Notice --> Undefined variable: child_catname /home2/carolhhp/public_html/democarol.com/homeservices/application/views/front/home.php 89
ERROR - 06/15/2017 04:37 pm --> Severity: Notice --> Trying to get property of non-object /home2/carolhhp/public_html/democarol.com/homeservices/application/views/front/home.php 89
ERROR - 06/15/2017 04:37 pm --> Severity: Notice --> Undefined variable: child_catname /home2/carolhhp/public_html/democarol.com/homeservices/application/views/front/home.php 90
ERROR - 06/15/2017 04:37 pm --> Severity: Notice --> Trying to get property of non-object /home2/carolhhp/public_html/democarol.com/homeservices/application/views/front/home.php 90
ERROR - 06/15/2017 04:37 pm --> Severity: Notice --> Undefined variable: child_catname /home2/carolhhp/public_html/democarol.com/homeservices/application/views/front/home.php 91
ERROR - 06/15/2017 04:37 pm --> Severity: Notice --> Trying to get property of non-object /home2/carolhhp/public_html/democarol.com/homeservices/application/views/front/home.php 91
ERROR - 06/15/2017 04:37 pm --> Severity: Notice --> Undefined variable: child_catname /home2/carolhhp/public_html/democarol.com/homeservices/application/views/front/home.php 92
ERROR - 06/15/2017 04:37 pm --> Severity: Notice --> Trying to get property of non-object /home2/carolhhp/public_html/democarol.com/homeservices/application/views/front/home.php 92
ERROR - 06/15/2017 04:37 pm --> Severity: Notice --> Undefined variable: child_catname /home2/carolhhp/public_html/democarol.com/homeservices/application/views/front/home.php 93
ERROR - 06/15/2017 04:37 pm --> Severity: Notice --> Trying to get property of non-object /home2/carolhhp/public_html/democarol.com/homeservices/application/views/front/home.php 93
ERROR - 06/15/2017 04:37 pm --> Severity: Notice --> Use of undefined constant php - assumed 'php' /home2/carolhhp/public_html/democarol.com/homeservices/application/views/front/home.php 100
ERROR - 06/15/2017 06:11 am --> 404 Page Not Found: front/Service/badroom_plan
ERROR - 06/15/2017 06:11 am --> 404 Page Not Found: front/Service/badroom_plan
ERROR - 06/15/2017 06:11 am --> 404 Page Not Found: front/Service/badroom_plan
ERROR - 06/15/2017 06:11 am --> 404 Page Not Found: front/Service/badroom_plan
ERROR - 06/15/2017 06:11 am --> 404 Page Not Found: front/Service/badroom_plan
ERROR - 06/15/2017 06:11 am --> 404 Page Not Found: front/Service/badroom_plan
ERROR - 06/15/2017 06:11 am --> 404 Page Not Found: front/Service/badroom_plan
ERROR - 06/15/2017 06:11 am --> 404 Page Not Found: front/Service/badroom_plan
ERROR - 06/15/2017 05:09 pm --> Severity: Notice --> Undefined variable: child_catname /home2/carolhhp/public_html/democarol.com/homeservices/application/views/front/home.php 89
ERROR - 06/15/2017 05:09 pm --> Severity: Notice --> Trying to get property of non-object /home2/carolhhp/public_html/democarol.com/homeservices/application/views/front/home.php 89
ERROR - 06/15/2017 05:09 pm --> Severity: Notice --> Undefined variable: child_catname /home2/carolhhp/public_html/democarol.com/homeservices/application/views/front/home.php 90
ERROR - 06/15/2017 05:09 pm --> Severity: Notice --> Trying to get property of non-object /home2/carolhhp/public_html/democarol.com/homeservices/application/views/front/home.php 90
ERROR - 06/15/2017 05:09 pm --> Severity: Notice --> Undefined variable: child_catname /home2/carolhhp/public_html/democarol.com/homeservices/application/views/front/home.php 91
ERROR - 06/15/2017 05:09 pm --> Severity: Notice --> Trying to get property of non-object /home2/carolhhp/public_html/democarol.com/homeservices/application/views/front/home.php 91
ERROR - 06/15/2017 05:09 pm --> Severity: Notice --> Undefined variable: child_catname /home2/carolhhp/public_html/democarol.com/homeservices/application/views/front/home.php 92
ERROR - 06/15/2017 05:09 pm --> Severity: Notice --> Trying to get property of non-object /home2/carolhhp/public_html/democarol.com/homeservices/application/views/front/home.php 92
ERROR - 06/15/2017 05:09 pm --> Severity: Notice --> Undefined variable: child_catname /home2/carolhhp/public_html/democarol.com/homeservices/application/views/front/home.php 93
ERROR - 06/15/2017 05:09 pm --> Severity: Notice --> Trying to get property of non-object /home2/carolhhp/public_html/democarol.com/homeservices/application/views/front/home.php 93
ERROR - 06/15/2017 05:09 pm --> Severity: Notice --> Use of undefined constant php - assumed 'php' /home2/carolhhp/public_html/democarol.com/homeservices/application/views/front/home.php 100
ERROR - 06/15/2017 06:44 am --> 404 Page Not Found: front/Service/badroom_plan
ERROR - 06/15/2017 06:44 am --> 404 Page Not Found: front/Service/badroom_plan
ERROR - 06/15/2017 05:15 pm --> Severity: Notice --> Undefined variable: child_catname /home2/carolhhp/public_html/democarol.com/homeservices/application/views/front/home.php 89
ERROR - 06/15/2017 05:15 pm --> Severity: Notice --> Trying to get property of non-object /home2/carolhhp/public_html/democarol.com/homeservices/application/views/front/home.php 89
ERROR - 06/15/2017 05:15 pm --> Severity: Notice --> Undefined variable: child_catname /home2/carolhhp/public_html/democarol.com/homeservices/application/views/front/home.php 90
ERROR - 06/15/2017 05:15 pm --> Severity: Notice --> Trying to get property of non-object /home2/carolhhp/public_html/democarol.com/homeservices/application/views/front/home.php 90
ERROR - 06/15/2017 05:15 pm --> Severity: Notice --> Undefined variable: child_catname /home2/carolhhp/public_html/democarol.com/homeservices/application/views/front/home.php 91
ERROR - 06/15/2017 05:15 pm --> Severity: Notice --> Trying to get property of non-object /home2/carolhhp/public_html/democarol.com/homeservices/application/views/front/home.php 91
ERROR - 06/15/2017 05:15 pm --> Severity: Notice --> Undefined variable: child_catname /home2/carolhhp/public_html/democarol.com/homeservices/application/views/front/home.php 92
ERROR - 06/15/2017 05:15 pm --> Severity: Notice --> Trying to get property of non-object /home2/carolhhp/public_html/democarol.com/homeservices/application/views/front/home.php 92
ERROR - 06/15/2017 05:15 pm --> Severity: Notice --> Undefined variable: child_catname /home2/carolhhp/public_html/democarol.com/homeservices/application/views/front/home.php 93
ERROR - 06/15/2017 05:15 pm --> Severity: Notice --> Trying to get property of non-object /home2/carolhhp/public_html/democarol.com/homeservices/application/views/front/home.php 93
ERROR - 06/15/2017 05:15 pm --> Severity: Notice --> Use of undefined constant php - assumed 'php' /home2/carolhhp/public_html/democarol.com/homeservices/application/views/front/home.php 100
ERROR - 06/15/2017 06:46 am --> 404 Page Not Found: Assets/front
ERROR - 06/15/2017 07:02 am --> 404 Page Not Found: Assets/front
ERROR - 06/15/2017 05:48 pm --> Severity: Notice --> Undefined variable: single_parnt_img /home2/carolhhp/public_html/democarol.com/homeservices/application/views/front/services/helping_hand.php 10
ERROR - 06/15/2017 05:48 pm --> Severity: Notice --> Trying to get property of non-object /home2/carolhhp/public_html/democarol.com/homeservices/application/views/front/services/helping_hand.php 10
ERROR - 06/15/2017 05:54 pm --> Severity: Notice --> Trying to get property of non-object /home2/carolhhp/public_html/democarol.com/homeservices/application/views/front/services/helping_hand.php 8
ERROR - 06/15/2017 05:54 pm --> Severity: Notice --> Trying to get property of non-object /home2/carolhhp/public_html/democarol.com/homeservices/application/views/front/services/helping_hand.php 8
ERROR - 06/15/2017 05:54 pm --> Severity: Notice --> Trying to get property of non-object /home2/carolhhp/public_html/democarol.com/homeservices/application/views/front/services/helping_hand.php 10
ERROR - 06/15/2017 05:54 pm --> Severity: Notice --> Trying to get property of non-object /home2/carolhhp/public_html/democarol.com/homeservices/application/views/front/services/helping_hand.php 18
ERROR - 06/15/2017 07:37 am --> 404 Page Not Found: Assets/front
ERROR - 06/15/2017 07:37 am --> 404 Page Not Found: Assets/front
ERROR - 06/15/2017 07:37 am --> 404 Page Not Found: Assets/front
ERROR - 06/15/2017 07:37 am --> 404 Page Not Found: Assets/front
ERROR - 06/15/2017 07:37 am --> 404 Page Not Found: Assets/front
ERROR - 06/15/2017 11:43 pm --> 404 Page Not Found: Assets/front
